<?xml version="1.0" encoding="UTF-8"?>
<testsuite name="com.example.project.TestWordScramble" tests="2" skipped="0" failures="0" errors="0" timestamp="2025-02-13T00:12:09" hostname="codespaces-dd81f3" time="0.063">
  <properties/>
  <testcase name="testScrambleWordPARTA()" classname="com.example.project.TestWordScramble" time="0.057"/>
  <testcase name="testScrambleOrRemovePARTB()" classname="com.example.project.TestWordScramble" time="0.002"/>
  <system-out><![CDATA[]]></system-out>
  <system-err><![CDATA[]]></system-err>
</testsuite>
