<?xml version="1.0" encoding="UTF-8"?>
<testsuite name="com.example.project.TestDelimiter" tests="2" skipped="0" failures="0" errors="0" timestamp="2025-02-13T00:12:08" hostname="codespaces-dd81f3" time="0.056">
  <properties/>
  <testcase name="testGetDelimiterListPARTA()" classname="com.example.project.TestDelimiter" time="0.007"/>
  <testcase name="testIsBalanced()" classname="com.example.project.TestDelimiter" time="0.015"/>
  <system-out><![CDATA[]]></system-out>
  <system-err><![CDATA[]]></system-err>
</testsuite>
